[0m[[0m[0minfo[0m] [0m[0m[32mfp1tests:[0m[0m
[0m[[0m[0minfo[0m] [0m[0m[31m- EX01 - factTest *** FAILED ***[0m[0m
[0m[[0m[0minfo[0m] [0m[0m[31m  List() did not equal List(1, 2, 6, 24, 120) (fp1tests.scala:15)[0m[0m
[0m[[0m[0minfo[0m] [0m[0m[31m- EX02 - fib *** FAILED ***[0m[0m
[0m[[0m[0minfo[0m] [0m[0m[31m  TestFailedException was thrown during property evaluation. (fp1tests.scala:34)[0m[0m
[0m[[0m[0minfo[0m] [0m[0m[31m    Message: -1 did not equal 0[0m[0m
[0m[[0m[0minfo[0m] [0m[0m[31m    Location: (fp1tests.scala:35)[0m[0m
[0m[[0m[0minfo[0m] [0m[0m[31m    Occurred at table row 0 (zero based, not counting headings), which had values ([0m[0m
[0m[[0m[0minfo[0m] [0m[0m[31m      n = 0,[0m[0m
[0m[[0m[0minfo[0m] [0m[0m[31m      fib (n) = 0[0m[0m
[0m[[0m[0minfo[0m] [0m[0m[31m    )[0m[0m
[0m[[0m[0minfo[0m] [0m[0m[31m- EX03 - p1 *** FAILED ***[0m[0m
[0m[[0m[0minfo[0m] [0m[0m[31m  The reference equaled null (fp1tests.scala:40)[0m[0m
[0m[[0m[0minfo[0m] [0m[0m[31m- EX04 - t1 *** FAILED ***[0m[0m
[0m[[0m[0minfo[0m] [0m[0m[31m  The reference equaled null (fp1tests.scala:46)[0m[0m
[0m[[0m[0minfo[0m] [0m[0m[31m- EX05 - swap *** FAILED ***[0m[0m
[0m[[0m[0minfo[0m] [0m[0m[31m  The reference equaled null (fp1tests.scala:53)[0m[0m
[0m[[0m[0minfo[0m] [0m[0m[31m- EX06 - sum *** FAILED ***[0m[0m
[0m[[0m[0minfo[0m] [0m[0m[31m  TestFailedException was thrown during property evaluation. (fp1tests.scala:66)[0m[0m
[0m[[0m[0minfo[0m] [0m[0m[31m    Message: -1 did not equal 0[0m[0m
[0m[[0m[0minfo[0m] [0m[0m[31m    Location: (fp1tests.scala:67)[0m[0m
[0m[[0m[0minfo[0m] [0m[0m[31m    Occurred at table row 0 (zero based, not counting headings), which had values ([0m[0m
[0m[[0m[0minfo[0m] [0m[0m[31m      xs = List(),[0m[0m
[0m[[0m[0minfo[0m] [0m[0m[31m      sum (xs) = 0[0m[0m
[0m[[0m[0minfo[0m] [0m[0m[31m    )[0m[0m
[0m[[0m[0minfo[0m] [0m[0m[31m- EX07 - sumTail *** FAILED ***[0m[0m
[0m[[0m[0minfo[0m] [0m[0m[31m  TestFailedException was thrown during property evaluation. (fp1tests.scala:72)[0m[0m
[0m[[0m[0minfo[0m] [0m[0m[31m    Message: -1 did not equal 0[0m[0m
[0m[[0m[0minfo[0m] [0m[0m[31m    Location: (fp1tests.scala:73)[0m[0m
[0m[[0m[0minfo[0m] [0m[0m[31m    Occurred at table row 0 (zero based, not counting headings), which had values ([0m[0m
[0m[[0m[0minfo[0m] [0m[0m[31m      xs = List(),[0m[0m
[0m[[0m[0minfo[0m] [0m[0m[31m      sum (xs) = 0[0m[0m
[0m[[0m[0minfo[0m] [0m[0m[31m    )[0m[0m
[0m[[0m[0minfo[0m] [0m[0m[31m- EX08 - max *** FAILED ***[0m[0m
[0m[[0m[0minfo[0m] [0m[0m[31m  TestFailedException was thrown during property evaluation. (fp1tests.scala:90)[0m[0m
[0m[[0m[0minfo[0m] [0m[0m[31m    Message: -1 did not equal 15[0m[0m
[0m[[0m[0minfo[0m] [0m[0m[31m    Location: (fp1tests.scala:91)[0m[0m
[0m[[0m[0minfo[0m] [0m[0m[31m    Occurred at table row 0 (zero based, not counting headings), which had values ([0m[0m
[0m[[0m[0minfo[0m] [0m[0m[31m      xs = List(15),[0m[0m
[0m[[0m[0minfo[0m] [0m[0m[31m      max (xs) = 15[0m[0m
[0m[[0m[0minfo[0m] [0m[0m[31m    )[0m[0m
[0m[[0m[0minfo[0m] [0m[0m[31m- EX09 - maxTailAux *** FAILED ***[0m[0m
[0m[[0m[0minfo[0m] [0m[0m[31m  TestFailedException was thrown during property evaluation. (fp1tests.scala:100)[0m[0m
[0m[[0m[0minfo[0m] [0m[0m[31m    Message: -1 did not equal 15[0m[0m
[0m[[0m[0minfo[0m] [0m[0m[31m    Location: (fp1tests.scala:101)[0m[0m
[0m[[0m[0minfo[0m] [0m[0m[31m    Occurred at table row 0 (zero based, not counting headings), which had values ([0m[0m
[0m[[0m[0minfo[0m] [0m[0m[31m      xs = List(15),[0m[0m
[0m[[0m[0minfo[0m] [0m[0m[31m      max (xs) = 15[0m[0m
[0m[[0m[0minfo[0m] [0m[0m[31m    )[0m[0m
[0m[[0m[0minfo[0m] [0m[0m[31m- EX10 - otpu *** FAILED ***[0m[0m
[0m[[0m[0minfo[0m] [0m[0m[31m  TestFailedException was thrown during property evaluation. (fp1tests.scala:115)[0m[0m
[0m[[0m[0minfo[0m] [0m[0m[31m    Message: null did not equal List(20, 19, 18, 17, 16, 15, 14, 13, 12, 11, 10)[0m[0m
[0m[[0m[0minfo[0m] [0m[0m[31m    Location: (fp1tests.scala:116)[0m[0m
[0m[[0m[0minfo[0m] [0m[0m[31m    Occurred at table row 0 (zero based, not counting headings), which had values ([0m[0m
[0m[[0m[0minfo[0m] [0m[0m[31m      start = 20,[0m[0m
[0m[[0m[0minfo[0m] [0m[0m[31m      end = 10,[0m[0m
[0m[[0m[0minfo[0m] [0m[0m[31m      otpu (start, end) = List(20, 19, 18, 17, 16, 15, 14, 13, 12, 11, 10)[0m[0m
[0m[[0m[0minfo[0m] [0m[0m[31m    )[0m[0m
